"C:/Amphitheatre/Unreal_4_Drop/UE4.7/UE4-QA/HealersQuest/HealersQuest.uproject" 1
"../../../Engine/Plugins/2D/Paper2D/Paper2D.uplugin" 2
"../../../Engine/Plugins/Developer/BlankPlugin/BlankPlugin.uplugin" 3
"../../../Engine/Plugins/Developer/GitSourceControl/GitSourceControl.uplugin" 4
"../../../Engine/Plugins/Developer/KDevelopSourceCodeAccess/KDevelopSourceCodeAccess.uplugin" 5
"../../../Engine/Plugins/Developer/PerforceSourceControl/PerforceSourceControl.uplugin" 6
"../../../Engine/Plugins/Developer/SubversionSourceControl/SubversionSourceControl.uplugin" 7
"../../../Engine/Plugins/Developer/UObjectPlugin/UObjectPlugin.uplugin" 8
"../../../Engine/Plugins/Developer/VisualStudioSourceCodeAccess/VisualStudioSourceCodeAccess.uplugin" 9
"../../../Engine/Plugins/Developer/XCodeSourceCodeAccess/XCodeSourceCodeAccess.uplugin" 10
"../../../Engine/Plugins/Editor/EpicSurvey/EpicSurvey.uplugin" 11
"../../../Engine/Plugins/Editor/MacGraphicsSwitching/MacGraphicsSwitching.uplugin" 12
"../../../Engine/Plugins/Editor/PluginsEditor/PluginsEditor.uplugin" 13
"../../../Engine/Plugins/Editor/SpeedTreeImporter/SpeedTreeImporter.uplugin" 14
"../../../Engine/Plugins/Experimental/BlueprintStats/BlueprintStats.uplugin" 15
"../../../Engine/Plugins/Experimental/CharacterAI/CharacterAI.uplugin" 16
"../../../Engine/Plugins/Experimental/CodeView/CodeView.uplugin" 17
"../../../Engine/Plugins/Experimental/LiveEditor/LiveEditor.uplugin" 18
"../../../Engine/Plugins/Experimental/Phya/Phya.uplugin" 19
"../../../Engine/Plugins/Experimental/SimpleHMD/SimpleHMD.uplugin" 20
"../../../Engine/Plugins/Experimental/SteamVR/SteamVR.uplugin" 21
"../../../Engine/Plugins/Media/AndroidMedia/AndroidMedia.uplugin" 22
"../../../Engine/Plugins/Media/AvfMedia/AvfMedia.uplugin" 23
"../../../Engine/Plugins/Media/MediaPlayerEditor/MediaPlayerEditor.uplugin" 24
"../../../Engine/Plugins/Media/WmfMedia/WmfMedia.uplugin" 25
"../../../Engine/Plugins/Messaging/MessagingDebugger/MessagingDebugger.uplugin" 26
"../../../Engine/Plugins/Messaging/ShmMessaging/ShmMessaging.uplugin" 27
"../../../Engine/Plugins/Messaging/UdpMessaging/UdpMessaging.uplugin" 28
"../../../Engine/Plugins/Runtime/Advertising/IOSTapJoy/IOSTapJoy.uplugin" 29
"../../../Engine/Plugins/Runtime/Analytics/AnalyticsBlueprintLibrary/AnalyticsBlueprintLibrary.uplugin" 30
"../../../Engine/Plugins/Runtime/Analytics/Apsalar/IOSApsalar/IOSApsalar.uplugin" 31
"../../../Engine/Plugins/Runtime/Analytics/FileLogging/FileLogging.uplugin" 32
"../../../Engine/Plugins/Runtime/AndroidDeviceProfileSelector/AndroidDeviceProfileSelector.uplugin" 33
"../../../Engine/Plugins/Runtime/AndroidMoviePlayer/AndroidMoviePlayer.uplugin" 34
"../../../Engine/Plugins/Runtime/AppleMoviePlayer/AppleMoviePlayer.uplugin" 35
"../../../Engine/Plugins/Runtime/CableComponent/CableComponent.uplugin" 36
"../../../Engine/Plugins/Runtime/CustomMeshComponent/CustomMeshComponent.uplugin" 37
"../../../Engine/Plugins/Runtime/ExampleDeviceProfileSelector/ExampleDeviceProfileSelector.uplugin" 38
"../../../Engine/Plugins/Runtime/GearVR/GearVR.uplugin" 39
"../../../Engine/Plugins/Runtime/IOSDeviceProfileSelector/IOSDeviceProfileSelector.uplugin" 40
"../../../Engine/Plugins/Runtime/LeapMotionController/LeapMotionController.uplugin" 41
"../../../Engine/Plugins/Runtime/LiveEditorListenServer/LiveEditorListenServer.uplugin" 42
"../../../Engine/Plugins/Runtime/OculusRift/OculusRift.uplugin" 43
"../../../Engine/Plugins/Runtime/SoundMod/SoundMod.uplugin" 44
"../../../Engine/Plugins/Runtime/SoundVisualizations/SoundVisualizations.uplugin" 45
"../../../Engine/Plugins/Runtime/TwitchLiveStreaming/TwitchLiveStreaming.uplugin" 46
"../../../Engine/Plugins/Runtime/WindowsDeviceProfileSelector/WindowsDeviceProfileSelector.uplugin" 47
"../../../Engine/Plugins/Runtime/WindowsMoviePlayer/WindowsMoviePlayer.uplugin" 48
"../../../Engine/Plugins/ScriptGeneratorPlugin/ScriptGeneratorPlugin.uplugin" 49
"../../../Engine/Plugins/ScriptPlugin/ScriptPlugin.uplugin" 50
"../../../Engine/Plugins/Slate/SlateRemote/SlateRemote.uplugin" 51
"..\..\..\Engine\Content\Internationalization\icudt53l\cnvalias.icu" 52
"..\..\..\Engine\Content\Internationalization\icudt53l\en_US_POSIX.res" 53
"..\..\..\Engine\Content\Internationalization\icudt53l\pool.res" 54
"..\..\..\Engine\Content\Internationalization\icudt53l\en_US.res" 55
"..\..\..\Engine\Content\Internationalization\icudt53l\en.res" 56
"..\..\..\Engine\Content\Internationalization\icudt53l\root.res" 57
"..\..\..\Engine\Content\Internationalization\icudt53l\coll\ucadata.icu" 58
"..\..\..\Engine\Content\Internationalization\icudt53l\nfc.nrm" 59
"..\..\..\Engine\Content\Internationalization\icudt53l\coll\en_US_POSIX.res" 60
"..\..\..\Engine\Content\Internationalization\icudt53l\coll\en_US.res" 61
"..\..\..\Engine\Content\Internationalization\icudt53l\coll\en.res" 62
"..\..\..\Engine\Content\Internationalization\icudt53l\coll\root.res" 63
"..\..\..\Engine\Content\Internationalization\icudt53l\numberingSystems.res" 64
"..\..\..\Engine\Content\Internationalization\icudt53l\curr\supplementalData.res" 65
"..\..\..\Engine\Content\Internationalization\icudt53l\curr\pool.res" 66
"..\..\..\Engine\Content\Internationalization\icudt53l\curr\en.res" 67
"..\..\..\Engine\Content\Internationalization\icudt53l\curr\root.res" 68
"..\..\..\Engine\Content\Internationalization\icudt53l\plurals.res" 69
"..\..\..\Engine\Content\Internationalization\icudt53l\windowsZones.res" 70
"..\..\..\Engine\Content\Internationalization\icudt53l\zoneinfo64.res" 71
"..\..\..\Engine\Content\Internationalization\icudt53l\keyTypeData.res" 72
"..\..\..\Engine\Content\Internationalization\icudt53l\timezoneTypes.res" 73
"..\..\..\Engine\Content\Internationalization\icudt53l\supplementalData.res" 74
"..\..\..\Engine\Content\Internationalization\icudt53l\likelySubtags.res" 75
"../../../Engine/Config/Base.ini" 76
"../../../Engine/Config/BaseEngine.ini" 77
"../../../HealersQuest/Config/DefaultEngine.ini" 78
"../../../Engine/Config/Windows/WindowsEngine.ini" 79
"C:/Users/faiellaj/AppData/Local/Unreal Engine/Engine/Config/UserEngine.ini" 80
"../../../HealersQuest/Saved/Config/Windows/Engine.ini" 81
"../../../HealersQuest/Intermediate/Config/CoalescedSourceConfigs/Engine.ini" 82
"../../../Engine/Config/BaseGame.ini" 83
"../../../HealersQuest/Config/DefaultGame.ini" 84
"../../../HealersQuest/Saved/Config/Windows/Game.ini" 85
"../../../HealersQuest/Intermediate/Config/CoalescedSourceConfigs/Game.ini" 86
"../../../Engine/Config/BaseInput.ini" 87
"../../../HealersQuest/Config/DefaultInput.ini" 88
"../../../HealersQuest/Saved/Config/Windows/Input.ini" 89
"../../../HealersQuest/Intermediate/Config/CoalescedSourceConfigs/Input.ini" 90
"../../../Engine/Config/BaseEditor.ini" 91
"../../../HealersQuest/Config/DefaultEditor.ini" 92
"../../../HealersQuest/Saved/Config/Windows/Editor.ini" 93
"../../../HealersQuest/Intermediate/Config/CoalescedSourceConfigs/Editor.ini" 94
"../../../Engine/Config/BaseEditorLayout.ini" 95
"../../../HealersQuest/Saved/Config/Windows/EditorLayout.ini" 96
"../../../HealersQuest/Intermediate/Config/CoalescedSourceConfigs/EditorLayout.ini" 97
"../../../Engine/Config/BaseEditorUserSettings.ini" 98
"../../../HealersQuest/Saved/Config/Windows/EditorUserSettings.ini" 99
"../../../HealersQuest/Intermediate/Config/CoalescedSourceConfigs/EditorUserSettings.ini" 100
"../../../Engine/Config/BaseEditorKeyBindings.ini" 101
"../../../HealersQuest/Saved/Config/Windows/EditorKeyBindings.ini" 102
"../../../HealersQuest/Intermediate/Config/CoalescedSourceConfigs/EditorKeyBindings.ini" 103
"../../../Engine/Config/BaseCompat.ini" 104
"../../../HealersQuest/Saved/Config/Windows/Compat.ini" 105
"../../../HealersQuest/Intermediate/Config/CoalescedSourceConfigs/Compat.ini" 106
"../../../Engine/Config/BaseLightmass.ini" 107
"../../../HealersQuest/Saved/Config/Windows/Lightmass.ini" 108
"../../../HealersQuest/Intermediate/Config/CoalescedSourceConfigs/Lightmass.ini" 109
"../../../Engine/Config/BaseScalability.ini" 110
"../../../HealersQuest/Saved/Config/Windows/Scalability.ini" 111
"../../../HealersQuest/Intermediate/Config/CoalescedSourceConfigs/Scalability.ini" 112
"../../../HealersQuest/Saved/Config/Windows/GameUserSettings.ini" 113
"../../../HealersQuest/Intermediate/Config/CoalescedSourceConfigs/GameUserSettings.ini" 114
"../../../Engine/Config/BaseDeviceProfiles.ini" 115
"../../../HealersQuest/Saved/Config/Windows/DeviceProfiles.ini" 116
"../../../HealersQuest/Intermediate/Config/CoalescedSourceConfigs/DeviceProfiles.ini" 117
"../../../Engine/Config/ConsoleVariables.ini" 118
"..\..\..\Engine\Content\Internationalization\icudt53l\es.res" 119
"..\..\..\Engine\Content\Internationalization\icudt53l\coll\es.res" 120
"..\..\..\Engine\Content\Internationalization\icudt53l\curr\es.res" 121
"..\..\..\Engine\Content\Internationalization\icudt53l\es_ES.res" 122
"..\..\..\Engine\Content\Internationalization\icudt53l\ja.res" 123
"..\..\..\Engine\Content\Internationalization\icudt53l\coll\ja.res" 124
"..\..\..\Engine\Content\Internationalization\icudt53l\curr\ja.res" 125
"..\..\..\Engine\Content\Internationalization\icudt53l\ja_JP.res" 126
"..\..\..\Engine\Content\Internationalization\icudt53l\ko.res" 127
"..\..\..\Engine\Content\Internationalization\icudt53l\coll\ko.res" 128
"..\..\..\Engine\Content\Internationalization\icudt53l\curr\ko.res" 129
"..\..\..\Engine\Content\Internationalization\icudt53l\ko_KR.res" 130
"..\..\..\Engine\Content\Internationalization\icudt53l\pt_BR.res" 131
"..\..\..\Engine\Content\Internationalization\icudt53l\pt.res" 132
"..\..\..\Engine\Content\Internationalization\icudt53l\coll\pt.res" 133
"..\..\..\Engine\Content\Internationalization\icudt53l\curr\pt.res" 134
"..\..\..\Engine\Content\Internationalization\icudt53l\zh_CN.res" 135
"..\..\..\Engine\Content\Internationalization\icudt53l\zh_Hans_CN.res" 136
"..\..\..\Engine\Content\Internationalization\icudt53l\zh_Hans.res" 137
"..\..\..\Engine\Content\Internationalization\icudt53l\zh.res" 138
"..\..\..\Engine\Content\Internationalization\icudt53l\coll\zh_CN.res" 139
"..\..\..\Engine\Content\Internationalization\icudt53l\coll\zh_Hans_CN.res" 140
"..\..\..\Engine\Content\Internationalization\icudt53l\coll\zh_Hans.res" 141
"..\..\..\Engine\Content\Internationalization\icudt53l\coll\zh.res" 142
"..\..\..\Engine\Content\Internationalization\icudt53l\curr\zh_CN.res" 143
"..\..\..\Engine\Content\Internationalization\icudt53l\curr\zh_Hans_CN.res" 144
"..\..\..\Engine\Content\Internationalization\icudt53l\curr\zh_Hans.res" 145
"..\..\..\Engine\Content\Internationalization\icudt53l\curr\zh.res" 146
"C:/Amphitheatre/Unreal_4_Drop/UE4.7/UE4-QA/Engine/Content/Localization/Editor/en/Editor.locres" 147
"C:/Amphitheatre/Unreal_4_Drop/UE4.7/UE4-QA/Engine/Content/Localization/EditorTutorials/en/EditorTutorials.locres" 148
"C:/Amphitheatre/Unreal_4_Drop/UE4.7/UE4-QA/Engine/Content/Localization/Engine/en/Engine.locres" 149
"../../../Engine/Content/Slate/Fonts/Roboto-Regular.ttf" 150
"../../../Engine/Content/Slate/Fonts/DroidSansMono.ttf" 151
"../../../Engine/Content/Slate/Fonts/Roboto-Bold.ttf" 152
"../../../Engine/Content/Slate/Fonts/Roboto-Light.ttf" 153
"C:/Amphitheatre/Unreal_4_Drop/UE4.7/UE4-QA/Engine/Binaries/Win64/../../../Engine/Shaders/ParticleSpriteVertexFactory.usf" 154
"C:/Amphitheatre/Unreal_4_Drop/UE4.7/UE4-QA/Engine/Binaries/Win64/../../../Engine/Shaders/VertexFactoryCommon.usf" 155
"C:/Amphitheatre/Unreal_4_Drop/UE4.7/UE4-QA/Engine/Binaries/Win64/../../../Engine/Shaders/Common.usf" 156
"C:/Amphitheatre/Unreal_4_Drop/UE4.7/UE4-QA/Engine/Binaries/Win64/../../../Engine/Shaders/MetalCommon.usf" 157
"C:/Amphitheatre/Unreal_4_Drop/UE4.7/UE4-QA/Engine/Binaries/Win64/../../../Engine/Shaders/ShaderVersion.usf" 158
"C:/Amphitheatre/Unreal_4_Drop/UE4.7/UE4-QA/Engine/Binaries/Win64/../../../Engine/Shaders/Definitions.usf" 159
"C:/Amphitheatre/Unreal_4_Drop/UE4.7/UE4-QA/Engine/Binaries/Win64/../../../Engine/Shaders/Random.usf" 160
"C:/Amphitheatre/Unreal_4_Drop/UE4.7/UE4-QA/Engine/Binaries/Win64/../../../Engine/Shaders/ParticleVertexFactoryCommon.usf" 161
"C:/Amphitheatre/Unreal_4_Drop/UE4.7/UE4-QA/Engine/Binaries/Win64/../../../Engine/Shaders/ParticleGPUSpriteVertexFactory.usf" 162
"C:/Amphitheatre/Unreal_4_Drop/UE4.7/UE4-QA/Engine/Binaries/Win64/../../../Engine/Shaders/ParticleBeamTrailVertexFactory.usf" 163
"C:/Amphitheatre/Unreal_4_Drop/UE4.7/UE4-QA/Engine/Binaries/Win64/../../../Engine/Shaders/VectorFieldVisualizationVertexFactory.usf" 164
"C:/Amphitheatre/Unreal_4_Drop/UE4.7/UE4-QA/Engine/Binaries/Win64/../../../Engine/Shaders/LocalVertexFactory.usf" 165
"C:/Amphitheatre/Unreal_4_Drop/UE4.7/UE4-QA/Engine/Binaries/Win64/../../../Engine/Shaders/LocalVertexFactoryCommon.usf" 166
"C:/Amphitheatre/Unreal_4_Drop/UE4.7/UE4-QA/Engine/Binaries/Win64/../../../Engine/Shaders/MeshParticleVertexFactory.usf" 167
"C:/Amphitheatre/Unreal_4_Drop/UE4.7/UE4-QA/Engine/Binaries/Win64/../../../Engine/Shaders/GpuSkinVertexFactory.usf" 168
"C:/Amphitheatre/Unreal_4_Drop/UE4.7/UE4-QA/Engine/Binaries/Win64/../../../Engine/Shaders/GpuSkinCacheCommon.usf" 169
"C:/Amphitheatre/Unreal_4_Drop/UE4.7/UE4-QA/Engine/Binaries/Win64/../../../Engine/Shaders/LandscapeVertexFactory.usf" 170
"C:/Amphitheatre/Unreal_4_Drop/UE4.7/UE4-QA/Engine/Binaries/Win64/../../../Engine/Shaders/SlateElementPixelShader.usf" 171
"C:/Amphitheatre/Unreal_4_Drop/UE4.7/UE4-QA/Engine/Binaries/Win64/../../../Engine/Shaders/MaterialTemplate.usf" 172
"C:/Amphitheatre/Unreal_4_Drop/UE4.7/UE4-QA/Engine/Binaries/Win64/../../../Engine/Shaders/DepthOfFieldCommon.usf" 173
"C:/Amphitheatre/Unreal_4_Drop/UE4.7/UE4-QA/Engine/Binaries/Win64/../../../Engine/Shaders/SpeedTreeCommon.usf" 174
"C:/Amphitheatre/Unreal_4_Drop/UE4.7/UE4-QA/Engine/Binaries/Win64/../../../Engine/Shaders/AtmosphereCommon.usf" 175
"C:/Amphitheatre/Unreal_4_Drop/UE4.7/UE4-QA/Engine/Binaries/Win64/../../../Engine/Shaders/PostProcessCommon.usf" 176
"C:/Amphitheatre/Unreal_4_Drop/UE4.7/UE4-QA/Engine/Binaries/Win64/../../../Engine/Shaders/DeferredShadingCommon.usf" 177
"C:/Amphitheatre/Unreal_4_Drop/UE4.7/UE4-QA/Engine/Binaries/Win64/../../../Engine/Shaders/LightAccumulator.usf" 178
"C:/Amphitheatre/Unreal_4_Drop/UE4.7/UE4-QA/Engine/Binaries/Win64/../../../Engine/Shaders/SlateVertexShader.usf" 179
"C:/Amphitheatre/Unreal_4_Drop/UE4.7/UE4-QA/Engine/Binaries/Win64/../../../Engine/Shaders/OneColorShader.usf" 180
"C:/Amphitheatre/Unreal_4_Drop/UE4.7/UE4-QA/Engine/Binaries/Win64/../../../Engine/Shaders/ResolveVertexShader.usf" 181
"C:/Amphitheatre/Unreal_4_Drop/UE4.7/UE4-QA/Engine/Binaries/Win64/../../../Engine/Shaders/ResolvePixelShader.usf" 182
"C:/Amphitheatre/Unreal_4_Drop/UE4.7/UE4-QA/Engine/Binaries/Win64/../../../Engine/Shaders/VisualizeTexture.usf" 183
"C:/Amphitheatre/Unreal_4_Drop/UE4.7/UE4-QA/Engine/Binaries/Win64/../../../Engine/Shaders/ScreenSpaceReflections.usf" 184
"C:/Amphitheatre/Unreal_4_Drop/UE4.7/UE4-QA/Engine/Binaries/Win64/../../../Engine/Shaders/BRDF.usf" 185
"C:/Amphitheatre/Unreal_4_Drop/UE4.7/UE4-QA/Engine/Binaries/Win64/../../../Engine/Shaders/MonteCarlo.usf" 186
"C:/Amphitheatre/Unreal_4_Drop/UE4.7/UE4-QA/Engine/Binaries/Win64/../../../Engine/Shaders/FilterVertexShader.usf" 187
"C:/Amphitheatre/Unreal_4_Drop/UE4.7/UE4-QA/Engine/Binaries/Win64/../../../Engine/Shaders/FilterPixelShader.usf" 188
"C:/Amphitheatre/Unreal_4_Drop/UE4.7/UE4-QA/Engine/Binaries/Win64/../../../Engine/Shaders/PostProcessVisualizeHDR.usf" 189
"C:/Amphitheatre/Unreal_4_Drop/UE4.7/UE4-QA/Engine/Binaries/Win64/../../../Engine/Shaders/PostProcessHistogramCommon.usf" 190
"C:/Amphitheatre/Unreal_4_Drop/UE4.7/UE4-QA/Engine/Binaries/Win64/../../../Engine/Shaders/TonemapCommon.usf" 191
"C:/Amphitheatre/Unreal_4_Drop/UE4.7/UE4-QA/Engine/Binaries/Win64/../../../Engine/Shaders/MiniFontCommon.usf" 192
"C:/Amphitheatre/Unreal_4_Drop/UE4.7/UE4-QA/Engine/Binaries/Win64/../../../Engine/Shaders/PostProcessVisualizeBuffer.usf" 193
"C:/Amphitheatre/Unreal_4_Drop/UE4.7/UE4-QA/Engine/Binaries/Win64/../../../Engine/Shaders/PostProcessUpscale.usf" 194
"C:/Amphitheatre/Unreal_4_Drop/UE4.7/UE4-QA/Engine/Binaries/Win64/../../../Engine/Shaders/PostProcessTonemap.usf" 195
"C:/Amphitheatre/Unreal_4_Drop/UE4.7/UE4-QA/Engine/Binaries/Win64/../../../Engine/Shaders/PostProcessTestImage.usf" 196
"C:/Amphitheatre/Unreal_4_Drop/UE4.7/UE4-QA/Engine/Binaries/Win64/../../../Engine/Shaders/PostProcessTemporalAA.usf" 197
"C:/Amphitheatre/Unreal_4_Drop/UE4.7/UE4-QA/Engine/Binaries/Win64/../../../Engine/Shaders/PostProcessTemporalCommon.usf" 198
"C:/Amphitheatre/Unreal_4_Drop/UE4.7/UE4-QA/Engine/Binaries/Win64/../../../Engine/Shaders/PostProcessSubsurface.usf" 199
"C:/Amphitheatre/Unreal_4_Drop/UE4.7/UE4-QA/Engine/Binaries/Win64/../../../Engine/Shaders/SeparableSSS.usf" 200
"C:/Amphitheatre/Unreal_4_Drop/UE4.7/UE4-QA/Engine/Binaries/Win64/../../../Engine/Shaders/PostProcessSelectionOutline.usf" 201
"C:/Amphitheatre/Unreal_4_Drop/UE4.7/UE4-QA/Engine/Binaries/Win64/../../../Engine/Shaders/PostProcessSceneColorFringe.usf" 202
"C:/Amphitheatre/Unreal_4_Drop/UE4.7/UE4-QA/Engine/Binaries/Win64/../../../Engine/Shaders/PostProcessNoiseBlur.usf" 203
"C:/Amphitheatre/Unreal_4_Drop/UE4.7/UE4-QA/Engine/Binaries/Win64/../../../Engine/Shaders/PostProcessMotionBlur.usf" 204
"C:/Amphitheatre/Unreal_4_Drop/UE4.7/UE4-QA/Engine/Binaries/Win64/../../../Engine/Shaders/PostProcessMobile.usf" 205
"C:/Amphitheatre/Unreal_4_Drop/UE4.7/UE4-QA/Engine/Binaries/Win64/../../../Engine/Shaders/PostProcessMaterialShaders.usf" 206
"C:/Amphitheatre/Unreal_4_Drop/UE4.7/UE4-QA/Engine/Binaries/Win64/../../../Engine/Shaders/PostProcessLensFlares.usf" 207
"C:/Amphitheatre/Unreal_4_Drop/UE4.7/UE4-QA/Engine/Binaries/Win64/../../../Engine/Shaders/PostProcessLensBlur.usf" 208
"C:/Amphitheatre/Unreal_4_Drop/UE4.7/UE4-QA/Engine/Binaries/Win64/../../../Engine/Shaders/PostProcessBloom.usf" 209
"C:/Amphitheatre/Unreal_4_Drop/UE4.7/UE4-QA/Engine/Binaries/Win64/../../../Engine/Shaders/PostProcessHMD.usf" 210
"C:/Amphitheatre/Unreal_4_Drop/UE4.7/UE4-QA/Engine/Binaries/Win64/../../../Engine/Shaders/PostProcessHistogramReduce.usf" 211
"C:/Amphitheatre/Unreal_4_Drop/UE4.7/UE4-QA/Engine/Binaries/Win64/../../../Engine/Shaders/PostProcessHistogram.usf" 212
"C:/Amphitheatre/Unreal_4_Drop/UE4.7/UE4-QA/Engine/Binaries/Win64/../../../Engine/Shaders/PostProcessGBufferHints.usf" 213
"C:/Amphitheatre/Unreal_4_Drop/UE4.7/UE4-QA/Engine/Binaries/Win64/../../../Engine/Shaders/PostProcessEyeAdaptation.usf" 214
"C:/Amphitheatre/Unreal_4_Drop/UE4.7/UE4-QA/Engine/Binaries/Win64/../../../Engine/Shaders/PostProcessDownsample.usf" 215
"C:/Amphitheatre/Unreal_4_Drop/UE4.7/UE4-QA/Engine/Binaries/Win64/../../../Engine/Shaders/PostProcessDOF.usf" 216
"C:/Amphitheatre/Unreal_4_Drop/UE4.7/UE4-QA/Engine/Binaries/Win64/../../../Engine/Shaders/PostProcessCompositeEditorPrimitives.usf" 217
"C:/Amphitheatre/Unreal_4_Drop/UE4.7/UE4-QA/Engine/Binaries/Win64/../../../Engine/Shaders/PostProcessCombineLUTs.usf" 218
"C:/Amphitheatre/Unreal_4_Drop/UE4.7/UE4-QA/Engine/Binaries/Win64/../../../Engine/Shaders/PostProcessBusyWait.usf" 219
"C:/Amphitheatre/Unreal_4_Drop/UE4.7/UE4-QA/Engine/Binaries/Win64/../../../Engine/Shaders/PostProcessBokehDOF.usf" 220
"C:/Amphitheatre/Unreal_4_Drop/UE4.7/UE4-QA/Engine/Binaries/Win64/../../../Engine/Shaders/FXAAShader.usf" 221
"C:/Amphitheatre/Unreal_4_Drop/UE4.7/UE4-QA/Engine/Binaries/Win64/../../../Engine/Shaders/Fxaa3_11.usf" 222
"C:/Amphitheatre/Unreal_4_Drop/UE4.7/UE4-QA/Engine/Binaries/Win64/../../../Engine/Shaders/PostProcessPassThrough.usf" 223
"C:/Amphitheatre/Unreal_4_Drop/UE4.7/UE4-QA/Engine/Binaries/Win64/../../../Engine/Shaders/PostProcessLpvIndirect.usf" 224
"C:/Amphitheatre/Unreal_4_Drop/UE4.7/UE4-QA/Engine/Binaries/Win64/../../../Engine/Shaders/DeferredLightingCommon.usf" 225
"C:/Amphitheatre/Unreal_4_Drop/UE4.7/UE4-QA/Engine/Binaries/Win64/../../../Engine/Shaders/DynamicLightingCommon.usf" 226
"C:/Amphitheatre/Unreal_4_Drop/UE4.7/UE4-QA/Engine/Binaries/Win64/../../../Engine/Shaders/IESLightProfilesCommon.usf" 227
"C:/Amphitheatre/Unreal_4_Drop/UE4.7/UE4-QA/Engine/Binaries/Win64/../../../Engine/Shaders/LPVFinalPass.usf" 228
"C:/Amphitheatre/Unreal_4_Drop/UE4.7/UE4-QA/Engine/Binaries/Win64/../../../Engine/Shaders/LPVCommon.usf" 229
"C:/Amphitheatre/Unreal_4_Drop/UE4.7/UE4-QA/Engine/Binaries/Win64/../../../Engine/Shaders/DeferredDecal.usf" 230
"C:/Amphitheatre/Unreal_4_Drop/UE4.7/UE4-QA/Engine/Binaries/Win64/../../../Engine/Shaders/PostProcessAmbientOcclusion.usf" 231
"C:/Amphitheatre/Unreal_4_Drop/UE4.7/UE4-QA/Engine/Binaries/Win64/../../../Engine/Shaders/PostProcessAmbient.usf" 232
"C:/Amphitheatre/Unreal_4_Drop/UE4.7/UE4-QA/Engine/Binaries/Win64/../../../Engine/Shaders/CubemapCommon.usf" 233
"C:/Amphitheatre/Unreal_4_Drop/UE4.7/UE4-QA/Engine/Binaries/Win64/../../../Engine/Shaders/VelocityShader.usf" 234
"C:/Amphitheatre/Unreal_4_Drop/UE4.7/UE4-QA/Engine/Binaries/Win64/../../../Engine/Shaders/Tessellation.usf" 235
"C:/Amphitheatre/Unreal_4_Drop/UE4.7/UE4-QA/Engine/Binaries/Win64/../../../Engine/Shaders/FlatTessellation.usf" 236
"C:/Amphitheatre/Unreal_4_Drop/UE4.7/UE4-QA/Engine/Binaries/Win64/../../../Engine/Shaders/PNTriangles.usf" 237
"C:/Amphitheatre/Unreal_4_Drop/UE4.7/UE4-QA/Engine/Binaries/Win64/../../../Engine/Shaders/TranslucentLightingShaders.usf" 238
"C:/Amphitheatre/Unreal_4_Drop/UE4.7/UE4-QA/Engine/Binaries/Win64/../../../Engine/Shaders/SHCommon.usf" 239
"C:/Amphitheatre/Unreal_4_Drop/UE4.7/UE4-QA/Engine/Binaries/Win64/../../../Engine/Shaders/ShadowProjectionCommon.usf" 240
"C:/Amphitheatre/Unreal_4_Drop/UE4.7/UE4-QA/Engine/Binaries/Win64/../../../Engine/Shaders/TranslucentLightInjectionShaders.usf" 241
"C:/Amphitheatre/Unreal_4_Drop/UE4.7/UE4-QA/Engine/Binaries/Win64/../../../Engine/Shaders/LightFunctionCommon.usf" 242
"C:/Amphitheatre/Unreal_4_Drop/UE4.7/UE4-QA/Engine/Binaries/Win64/../../../Engine/Shaders/TranslucentShadowDepthShaders.usf" 243
"C:/Amphitheatre/Unreal_4_Drop/UE4.7/UE4-QA/Engine/Binaries/Win64/../../../Engine/Shaders/ShadowDepthCommon.usf" 244
"C:/Amphitheatre/Unreal_4_Drop/UE4.7/UE4-QA/Engine/Binaries/Win64/../../../Engine/Shaders/TiledDeferredLightShaders.usf" 245
"C:/Amphitheatre/Unreal_4_Drop/UE4.7/UE4-QA/Engine/Binaries/Win64/../../../Engine/Shaders/ShadowProjectionPixelShader.usf" 246
"C:/Amphitheatre/Unreal_4_Drop/UE4.7/UE4-QA/Engine/Binaries/Win64/../../../Engine/Shaders/ShadowFilteringCommon.usf" 247
"C:/Amphitheatre/Unreal_4_Drop/UE4.7/UE4-QA/Engine/Binaries/Win64/../../../Engine/Shaders/ShadowProjectionVertexShader.usf" 248
"C:/Amphitheatre/Unreal_4_Drop/UE4.7/UE4-QA/Engine/Binaries/Win64/../../../Engine/Shaders/ShadowDepthPixelShader.usf" 249
"C:/Amphitheatre/Unreal_4_Drop/UE4.7/UE4-QA/Engine/Binaries/Win64/../../../Engine/Shaders/LPVWriteVplCommon.usf" 250
"C:/Amphitheatre/Unreal_4_Drop/UE4.7/UE4-QA/Engine/Binaries/Win64/../../../Engine/Shaders/LPVWriteCommon.usf" 251
"C:/Amphitheatre/Unreal_4_Drop/UE4.7/UE4-QA/Engine/Binaries/Win64/../../../Engine/Shaders/ShadowDepthVertexShader.usf" 252
"C:/Amphitheatre/Unreal_4_Drop/UE4.7/UE4-QA/Engine/Binaries/Win64/../../../Engine/Shaders/ShaderComplexityApplyPixelShader.usf" 253
"C:/Amphitheatre/Unreal_4_Drop/UE4.7/UE4-QA/Engine/Binaries/Win64/../../../Engine/Shaders/ShaderComplexityApplyVertexShader.usf" 254
"C:/Amphitheatre/Unreal_4_Drop/UE4.7/UE4-QA/Engine/Binaries/Win64/../../../Engine/Shaders/ShaderComplexityAccumulatePixelShader.usf" 255
"C:/Amphitheatre/Unreal_4_Drop/UE4.7/UE4-QA/Engine/Binaries/Win64/../../../Engine/Shaders/HZBOcclusion.usf" 256
"C:/Amphitheatre/Unreal_4_Drop/UE4.7/UE4-QA/Engine/Binaries/Win64/../../../Engine/Shaders/OcclusionQueryVertexShader.usf" 257
"C:/Amphitheatre/Unreal_4_Drop/UE4.7/UE4-QA/Engine/Binaries/Win64/../../../Engine/Shaders/HitProxyPixelShader.usf" 258
"C:/Amphitheatre/Unreal_4_Drop/UE4.7/UE4-QA/Engine/Binaries/Win64/../../../Engine/Shaders/HitProxyVertexShader.usf" 259
"C:/Amphitheatre/Unreal_4_Drop/UE4.7/UE4-QA/Engine/Binaries/Win64/../../../Engine/Shaders/ReflectionEnvironmentShaders.usf" 260
"C:/Amphitheatre/Unreal_4_Drop/UE4.7/UE4-QA/Engine/Binaries/Win64/../../../Engine/Shaders/ReflectionEnvironmentShared.usf" 261
"C:/Amphitheatre/Unreal_4_Drop/UE4.7/UE4-QA/Engine/Binaries/Win64/../../../Engine/Shaders/SkyLightingShared.usf" 262
"C:/Amphitheatre/Unreal_4_Drop/UE4.7/UE4-QA/Engine/Binaries/Win64/../../../Engine/Shaders/ReflectionEnvironmentComputeShaders.usf" 263
"C:/Amphitheatre/Unreal_4_Drop/UE4.7/UE4-QA/Engine/Binaries/Win64/../../../Engine/Shaders/LightShaftShader.usf" 264
"C:/Amphitheatre/Unreal_4_Drop/UE4.7/UE4-QA/Engine/Binaries/Win64/../../../Engine/Shaders/StationaryLightOverlapShaders.usf" 265
"C:/Amphitheatre/Unreal_4_Drop/UE4.7/UE4-QA/Engine/Binaries/Win64/../../../Engine/Shaders/DeferredLightPixelShaders.usf" 266
"C:/Amphitheatre/Unreal_4_Drop/UE4.7/UE4-QA/Engine/Binaries/Win64/../../../Engine/Shaders/DeferredLightVertexShaders.usf" 267
"C:/Amphitheatre/Unreal_4_Drop/UE4.7/UE4-QA/Engine/Binaries/Win64/../../../Engine/Shaders/LPVVisualise.usf" 268
"C:/Amphitheatre/Unreal_4_Drop/UE4.7/UE4-QA/Engine/Binaries/Win64/../../../Engine/Shaders/LPVGeometryVolumeCommon.usf" 269
"C:/Amphitheatre/Unreal_4_Drop/UE4.7/UE4-QA/Engine/Binaries/Win64/../../../Engine/Shaders/LPVDirectLightInject.usf" 270
"C:/Amphitheatre/Unreal_4_Drop/UE4.7/UE4-QA/Engine/Binaries/Win64/../../../Engine/Shaders/LPVPropagate.usf" 271
"C:/Amphitheatre/Unreal_4_Drop/UE4.7/UE4-QA/Engine/Binaries/Win64/../../../Engine/Shaders/LPVBuildGeometryVolume.usf" 272
"C:/Amphitheatre/Unreal_4_Drop/UE4.7/UE4-QA/Engine/Binaries/Win64/../../../Engine/Shaders/LPVInject_AccumulateVplLists.usf" 273
"C:/Amphitheatre/Unreal_4_Drop/UE4.7/UE4-QA/Engine/Binaries/Win64/../../../Engine/Shaders/LPVInject_GenerateVplLists.usf" 274
"C:/Amphitheatre/Unreal_4_Drop/UE4.7/UE4-QA/Engine/Binaries/Win64/../../../Engine/Shaders/LPVClearLists.usf" 275
"C:/Amphitheatre/Unreal_4_Drop/UE4.7/UE4-QA/Engine/Binaries/Win64/../../../Engine/Shaders/LPVClear.usf" 276
"C:/Amphitheatre/Unreal_4_Drop/UE4.7/UE4-QA/Engine/Binaries/Win64/../../../Engine/Shaders/LightMapDensityShader.usf" 277
"C:/Amphitheatre/Unreal_4_Drop/UE4.7/UE4-QA/Engine/Binaries/Win64/../../../Engine/Shaders/LightFunctionPixelShader.usf" 278
"C:/Amphitheatre/Unreal_4_Drop/UE4.7/UE4-QA/Engine/Binaries/Win64/../../../Engine/Shaders/LightFunctionVertexShader.usf" 279
"C:/Amphitheatre/Unreal_4_Drop/UE4.7/UE4-QA/Engine/Binaries/Win64/../../../Engine/Shaders/HdrCustomResolveShaders.usf" 280
"C:/Amphitheatre/Unreal_4_Drop/UE4.7/UE4-QA/Engine/Binaries/Win64/../../../Engine/Shaders/GPUBenchmark.usf" 281
"C:/Amphitheatre/Unreal_4_Drop/UE4.7/UE4-QA/Engine/Binaries/Win64/../../../Engine/Shaders/GammaCorrection.usf" 282
"C:/Amphitheatre/Unreal_4_Drop/UE4.7/UE4-QA/Engine/Binaries/Win64/../../../Engine/Shaders/BasePassForForwardShadingPixelShader.usf" 283
"C:/Amphitheatre/Unreal_4_Drop/UE4.7/UE4-QA/Engine/Binaries/Win64/../../../Engine/Shaders/BasePassForForwardShadingCommon.usf" 284
"C:/Amphitheatre/Unreal_4_Drop/UE4.7/UE4-QA/Engine/Binaries/Win64/../../../Engine/Shaders/LightmapCommon.usf" 285
"C:/Amphitheatre/Unreal_4_Drop/UE4.7/UE4-QA/Engine/Binaries/Win64/../../../Engine/Shaders/BasePassForForwardShadingVertexShader.usf" 286
"C:/Amphitheatre/Unreal_4_Drop/UE4.7/UE4-QA/Engine/Binaries/Win64/../../../Engine/Shaders/HeightFogCommon.usf" 287
"C:/Amphitheatre/Unreal_4_Drop/UE4.7/UE4-QA/Engine/Binaries/Win64/../../../Engine/Shaders/HeightFogPixelShader.usf" 288
"C:/Amphitheatre/Unreal_4_Drop/UE4.7/UE4-QA/Engine/Binaries/Win64/../../../Engine/Shaders/HeightFogVertexShader.usf" 289
"C:/Amphitheatre/Unreal_4_Drop/UE4.7/UE4-QA/Engine/Binaries/Win64/../../../Engine/Shaders/DistortAccumulatePS.usf" 290
"C:/Amphitheatre/Unreal_4_Drop/UE4.7/UE4-QA/Engine/Binaries/Win64/../../../Engine/Shaders/DistortAccumulateVS.usf" 291
"C:/Amphitheatre/Unreal_4_Drop/UE4.7/UE4-QA/Engine/Binaries/Win64/../../../Engine/Shaders/DistortApplyScreenPS.usf" 292
"C:/Amphitheatre/Unreal_4_Drop/UE4.7/UE4-QA/Engine/Binaries/Win64/../../../Engine/Shaders/DistanceFieldSurfaceCacheLighting.usf" 293
"C:/Amphitheatre/Unreal_4_Drop/UE4.7/UE4-QA/Engine/Binaries/Win64/../../../Engine/Shaders/DistanceFieldLightingShared.usf" 294
"C:/Amphitheatre/Unreal_4_Drop/UE4.7/UE4-QA/Engine/Binaries/Win64/../../../Engine/Shaders/DistanceFieldAOShared.usf" 295
"C:/Amphitheatre/Unreal_4_Drop/UE4.7/UE4-QA/Engine/Binaries/Win64/../../../Engine/Shaders/SkyLighting.usf" 296
"C:/Amphitheatre/Unreal_4_Drop/UE4.7/UE4-QA/Engine/Binaries/Win64/../../../Engine/Shaders/DistanceFieldSurfaceCacheLightingCompute.usf" 297
"C:/Amphitheatre/Unreal_4_Drop/UE4.7/UE4-QA/Engine/Binaries/Win64/../../../Engine/Shaders/DistanceFieldShadowing.usf" 298
"C:/Amphitheatre/Unreal_4_Drop/UE4.7/UE4-QA/Engine/Binaries/Win64/../../../Engine/Shaders/DepthOnlyPixelShader.usf" 299
"C:/Amphitheatre/Unreal_4_Drop/UE4.7/UE4-QA/Engine/Binaries/Win64/../../../Engine/Shaders/DepthOnlyVertexShader.usf" 300
"C:/Amphitheatre/Unreal_4_Drop/UE4.7/UE4-QA/Engine/Binaries/Win64/../../../Engine/Shaders/PositionOnlyDepthVertexShader.usf" 301
"C:/Amphitheatre/Unreal_4_Drop/UE4.7/UE4-QA/Engine/Binaries/Win64/../../../Engine/Shaders/DownsampleDepthPixelShader.usf" 302
"C:/Amphitheatre/Unreal_4_Drop/UE4.7/UE4-QA/Engine/Binaries/Win64/../../../Engine/Shaders/BasePassPixelShader.usf" 303
"C:/Amphitheatre/Unreal_4_Drop/UE4.7/UE4-QA/Engine/Binaries/Win64/../../../Engine/Shaders/BasePassCommon.usf" 304
"C:/Amphitheatre/Unreal_4_Drop/UE4.7/UE4-QA/Engine/Binaries/Win64/../../../Engine/Shaders/BasePassVertexShader.usf" 305
"C:/Amphitheatre/Unreal_4_Drop/UE4.7/UE4-QA/Engine/Binaries/Win64/../../../Engine/Shaders/BasePassVertexCommon.usf" 306
"C:/Amphitheatre/Unreal_4_Drop/UE4.7/UE4-QA/Engine/Binaries/Win64/../../../Engine/Shaders/BasePassTessellationShaders.usf" 307
"C:/Amphitheatre/Unreal_4_Drop/UE4.7/UE4-QA/Engine/Binaries/Win64/../../../Engine/Shaders/AtmospherePrecompute.usf" 308
"C:/Amphitheatre/Unreal_4_Drop/UE4.7/UE4-QA/Engine/Binaries/Win64/../../../Engine/Shaders/AtmospherePrecomputeCommon.usf" 309
"C:/Amphitheatre/Unreal_4_Drop/UE4.7/UE4-QA/Engine/Binaries/Win64/../../../Engine/Shaders/AtmospherePrecomputeInscatter.usf" 310
"C:/Amphitheatre/Unreal_4_Drop/UE4.7/UE4-QA/Engine/Binaries/Win64/../../../Engine/Shaders/AtmosphericFogShader.usf" 311
"C:/Amphitheatre/Unreal_4_Drop/UE4.7/UE4-QA/Engine/Binaries/Win64/../../../Engine/Shaders/ParticleSortKeyGen.usf" 312
"C:/Amphitheatre/Unreal_4_Drop/UE4.7/UE4-QA/Engine/Binaries/Win64/../../../Engine/Shaders/ParticleBoundsShader.usf" 313
"C:/Amphitheatre/Unreal_4_Drop/UE4.7/UE4-QA/Engine/Binaries/Win64/../../../Engine/Shaders/ParticleSimVisualizeShader.usf" 314
"C:/Amphitheatre/Unreal_4_Drop/UE4.7/UE4-QA/Engine/Binaries/Win64/../../../Engine/Shaders/ParticleInjectionShader.usf" 315
"C:/Amphitheatre/Unreal_4_Drop/UE4.7/UE4-QA/Engine/Binaries/Win64/../../../Engine/Shaders/ParticleSimulationShader.usf" 316
"C:/Amphitheatre/Unreal_4_Drop/UE4.7/UE4-QA/Engine/Binaries/Win64/../../../Engine/Shaders/ParticleCurveInjectionShader.usf" 317
"C:/Amphitheatre/Unreal_4_Drop/UE4.7/UE4-QA/Engine/Binaries/Win64/../../../Engine/Shaders/VectorFieldCompositeShaders.usf" 318
"C:/Amphitheatre/Unreal_4_Drop/UE4.7/UE4-QA/Engine/Binaries/Win64/../../../Engine/Shaders/UpdateTextureShaders.usf" 319
"C:/Amphitheatre/Unreal_4_Drop/UE4.7/UE4-QA/Engine/Binaries/Win64/../../../Engine/Shaders/SimpleElementColorChannelMaskPixelShader.usf" 320
"C:/Amphitheatre/Unreal_4_Drop/UE4.7/UE4-QA/Engine/Binaries/Win64/../../../Engine/Shaders/SimpleElementHitProxyPixelShader.usf" 321
"C:/Amphitheatre/Unreal_4_Drop/UE4.7/UE4-QA/Engine/Binaries/Win64/../../../Engine/Shaders/SimpleElementPixelShader.usf" 322
"C:/Amphitheatre/Unreal_4_Drop/UE4.7/UE4-QA/Engine/Binaries/Win64/../../../Engine/Shaders/ColorUtils.usf" 323
"C:/Amphitheatre/Unreal_4_Drop/UE4.7/UE4-QA/Engine/Binaries/Win64/../../../Engine/Shaders/SimpleElementVertexShader.usf" 324
"C:/Amphitheatre/Unreal_4_Drop/UE4.7/UE4-QA/Engine/Binaries/Win64/../../../Engine/Shaders/ScreenVertexShader.usf" 325
"C:/Amphitheatre/Unreal_4_Drop/UE4.7/UE4-QA/Engine/Binaries/Win64/../../../Engine/Shaders/ScreenPixelShader.usf" 326
"C:/Amphitheatre/Unreal_4_Drop/UE4.7/UE4-QA/Engine/Binaries/Win64/../../../Engine/Shaders/RadixSortShaders.usf" 327
"C:/Amphitheatre/Unreal_4_Drop/UE4.7/UE4-QA/Engine/Binaries/Win64/../../../Engine/Shaders/GpuSkinCacheComputeShader.usf" 328
"C:/Amphitheatre/Unreal_4_Drop/UE4.7/UE4-QA/Engine/Binaries/Win64/../../../Engine/Shaders/NullPixelShader.usf" 329
"C:/Amphitheatre/Unreal_4_Drop/UE4.7/UE4-QA/Engine/Binaries/Win64/../../../Engine/Shaders/ClearReplacementShaders.usf" 330
"C:/Amphitheatre/Unreal_4_Drop/UE4.7/UE4-QA/Engine/Binaries/Win64/../../../Engine/Shaders/SimpleElementTexture2DPreviewPixelShader.usf" 331
"C:/Amphitheatre/Unreal_4_Drop/UE4.7/UE4-QA/Engine/Binaries/Win64/../../../Engine/Shaders/SimpleElementNormalMapPixelShader.usf" 332
"C:/Amphitheatre/Unreal_4_Drop/UE4.7/UE4-QA/Engine/Binaries/Win64/../../../Engine/Shaders/meshpaintdilatepixelshader.usf" 333
"C:/Amphitheatre/Unreal_4_Drop/UE4.7/UE4-QA/Engine/Binaries/Win64/../../../Engine/Shaders/meshpaintdilatevertexshader.usf" 334
"C:/Amphitheatre/Unreal_4_Drop/UE4.7/UE4-QA/Engine/Binaries/Win64/../../../Engine/Shaders/MeshPaintPixelShader.usf" 335
"C:/Amphitheatre/Unreal_4_Drop/UE4.7/UE4-QA/Engine/Binaries/Win64/../../../Engine/Shaders/MeshPaintVertexShader.usf" 336
"../../../Engine/Config/Android/AndroidEngine.ini" 337
"../../../Engine/Config/HTML5/HTML5Engine.ini" 338
"../../../Engine/Config/IOS/IOSEngine.ini" 339
"../../../HealersQuest/DerivedDataCache/Boot.ddc" 340
"../../../Engine/Content/EngineFonts/Roboto.uasset" 341
"../../../Engine/Content/EngineMaterials/Widget3DPassThrough_Translucent.uasset" 342
"../../../Engine/Content/EngineMaterials/Widget3DPassThrough.uasset" 343
"../../../Engine/Content/EngineResources/WhiteSquareTexture.uasset" 344
"../../../Engine/Content/Functions/Engine_MaterialFunctions01/Shading/PowerToRoughness.uasset" 345
"../../../Engine/Content/Functions/Engine_MaterialFunctions01/Shading/ConvertFromDiffSpec.uasset" 346
"../../../Engine/Content/EngineMaterials/WorldGridMaterial.uasset" 347
"../../../Engine/Content/Functions/Engine_MaterialFunctions01/Opacity/CameraDepthFade.uasset" 348
"../../../Engine/Content/EngineMaterials/T_Default_Material_Grid_M.uasset" 349
"../../../Engine/Content/EngineMaterials/T_Default_Material_Grid_N.uasset" 350
"../../../Engine/Content/EngineMaterials/DefaultDeferredDecalMaterial.uasset" 351
"../../../Engine/Content/EngineMaterials/DefaultDiffuse.uasset" 352
"../../../Engine/Content/EngineMaterials/DefaultLightFunctionMaterial.uasset" 353
"../../../Engine/Content/EngineMaterials/DefaultPostProcessMaterial.uasset" 354
"../../../Engine/Content/Functions/Engine_MaterialFunctions02/Utility/BreakOutFloat2Components.uasset" 355
"../../../Engine/Content/EngineResources/DefaultTexture.uasset" 356
"../../../Engine/DerivedDataCache/2/9/1/TEXTURE_75F87CE100B546AAB8A1C4132AF9DB17_AUTODXT_FDD461EC4EDF5F99C659709B7A42E__A8C73480C3B7E387171CA42CE164BEA10458315A.udd" 357
"../../../Engine/DerivedDataCache/4/0/0/TEXTURE_75F87CE100B546AAB8A1C4132AF9DB17_AUTODXT_FDD461EC4EDF5F99C659709B7A42E__765CB57B9EE2C3521226BFF37FD25948973BA2AA.udd" 358
"../../../Engine/DerivedDataCache/6/2/2/TEXTURE_75F87CE100B546AAB8A1C4132AF9DB17_AUTODXT_FDD461EC4EDF5F99C659709B7A42E__9D9D9464F2031E4EEBC51191A99B152589D0B031.udd" 359
"../../../Engine/DerivedDataCache/7/8/4/TEXTURE_75F87CE100B546AAB8A1C4132AF9DB17_AUTODXT_B21C1AFF42ACD5ADC8C382B3A090A__236B189F2D5E203E0D676D201F7BFDDCDAF597C8.udd" 360
"../../../Engine/DerivedDataCache/9/4/0/TEXTURE_75F87CE100B546AAB8A1C4132AF9DB17_AUTODXT_B21C1AFF42ACD5ADC8C382B3A090A__40C0AB1A75DF73413B1D2CBC429A6B0FE02CD907.udd" 361
"../../../Engine/DerivedDataCache/1/5/1/TEXTURE_75F87CE100B546AAB8A1C4132AF9DB17_AUTODXT_B21C1AFF42ACD5ADC8C382B3A090A__A3F30DD03474FE4260A9D1E8BE73D6E1CE0D690C.udd" 362
"../../../Engine/DerivedDataCache/7/2/4/TEXTURE_75F87CE100B546AAB8A1C4132AF9DB17_AUTODXT_B21C1AFF42ACD5ADC8C382B3A090A__AD4962EC8ECB7A3AD7EC600163CABFE5D8EEA088.udd" 363
"../../../Engine/DerivedDataCache/0/2/7/TEXTURE_75F87CE100B546AAB8A1C4132AF9DB17_DXT1_15564967414184874DBCB89C44D5959C__20E3492FC54DA2E4275B9B017E22E9BEB8CDB7C6.udd" 364
"C:/Amphitheatre/Unreal_4_Drop/UE4.7/UE4-QA/HealersQuest/Intermediate/Shaders/WorkingDirectory/9184/0/WorkerOutputOnly.out" 365
"C:/Amphitheatre/Unreal_4_Drop/UE4.7/UE4-QA/HealersQuest/Intermediate/Shaders/WorkingDirectory/9184/6/WorkerOutputOnly.out" 366
"C:/Amphitheatre/Unreal_4_Drop/UE4.7/UE4-QA/HealersQuest/Intermediate/Shaders/WorkingDirectory/9184/4/WorkerOutputOnly.out" 367
"C:/Amphitheatre/Unreal_4_Drop/UE4.7/UE4-QA/HealersQuest/Intermediate/Shaders/WorkingDirectory/9184/1/WorkerOutputOnly.out" 368
"C:/Amphitheatre/Unreal_4_Drop/UE4.7/UE4-QA/HealersQuest/Intermediate/Shaders/WorkingDirectory/9184/2/WorkerOutputOnly.out" 369
"C:/Amphitheatre/Unreal_4_Drop/UE4.7/UE4-QA/HealersQuest/Intermediate/Shaders/WorkingDirectory/9184/5/WorkerOutputOnly.out" 370
"C:/Amphitheatre/Unreal_4_Drop/UE4.7/UE4-QA/HealersQuest/Intermediate/Shaders/WorkingDirectory/9184/3/WorkerOutputOnly.out" 371
"C:/Amphitheatre/Unreal_4_Drop/UE4.7/UE4-QA/HealersQuest/Intermediate/Shaders/WorkingDirectory/9184/7/WorkerOutputOnly.out" 372
"../../../Engine/Content/EngineMaterials/Widget3DPassThrough_Translucent_OneSided.uasset" 373
"../../../Engine/Content/EngineMaterials/Widget3DPassThrough_Opaque.uasset" 374
"../../../Engine/Content/EngineMaterials/Widget3DPassThrough_Opaque_OneSided.uasset" 375
"../../../Engine/Content/EditorResources/S_Actor.uasset" 376
"../../../Engine/DerivedDataCache/3/1/9/TEXTURE_75F87CE100B546AAB8A1C4132AF9DB17_BGRA8_5216118D4EACC7D4064ADCBA89F7720__816EAA066FE68A6A4E4548B2790CC2B9FF362095.udd" 377
"../../../Engine/Content/EditorLandscapeResources/DataLayer.uasset" 378
"../../../Engine/Content/Maps/Templates/Thumbnails/Default.uasset" 379
"../../../Engine/Content/EditorMaterials/ParticleSystems/PSysThumbnail_NoImage.uasset" 380
"../../../Engine/DerivedDataCache/4/3/3/TEXTURE_75F87CE100B546AAB8A1C4132AF9DB17_AUTODXT_55809E694EE7DB292235CC917A5C5__2FCFA32BD3EDE1178CACBB3F8BA3D98C2B49DEF6.udd" 381
"../../../Engine/DerivedDataCache/3/6/0/TEXTURE_75F87CE100B546AAB8A1C4132AF9DB17_AUTODXT_55809E694EE7DB292235CC917A5C5__F145403B180401F16770D767976C590D1745ACF5.udd" 382
"../../../Engine/Content/EditorMaterials/ParticleSystems/PSysThumbnail_OOD.uasset" 383
"../../../Engine/DerivedDataCache/7/5/4/TEXTURE_75F87CE100B546AAB8A1C4132AF9DB17_AUTODXT_7BC0404946D77A8C093A10AE0677E__E7E26A5F7F24271DF6B1E35ACB47CF22112C2E8A.udd" 384
"../../../Engine/Content/EngineDamageTypes/DmgTypeBP_Environmental.uasset" 385
"../../../Engine/Content/EngineMeshes/Sphere.uasset" 386
"../../../Engine/Content/EngineFonts/RobotoDistanceField.uasset" 387
"../../../Engine/Content/EngineMaterials/DefaultTextMaterialOpaque.uasset" 388
"../../../Engine/Content/EditorResources/S_Trigger.uasset" 389
"../../../Engine/DerivedDataCache/7/3/7/TEXTURE_75F87CE100B546AAB8A1C4132AF9DB17_BGRA8_D0FECEC94BB5E3DA0C23C4AB41A933F__0106E8A8F54BD20C7B04B173BABD0D0EF1030DC2.udd" 390
"../../../Engine/DerivedDataCache/6/0/3/TEXTURE_75F87CE100B546AAB8A1C4132AF9DB17_BGRA8_D0FECEC94BB5E3DA0C23C4AB41A933F__996D68C976D9E8578438F27A49C2F064D01EC02E.udd" 391
"../../../Engine/Content/EngineResources/GradientTexture0.uasset" 392
"../../../Engine/Content/EngineResources/Black.uasset" 393
"../../../Engine/Content/EditorMaterials/MatineeGroups/MAT_Groups_Float.uasset" 394
"../../../Engine/Content/EditorMaterials/MatineeGroups/MAT_Groups_Director.uasset" 395
"../../../Engine/Content/EditorMaterials/MatineeGroups/MAT_Groups_Event.uasset" 396
"../../../Engine/Content/EditorMaterials/MatineeGroups/MAT_Groups_Anim.uasset" 397
"../../../Engine/Content/EditorMaterials/MatineeGroups/MAT_Groups_Fade.uasset" 398
"../../../Engine/Content/EditorMaterials/MatineeGroups/MAT_Groups_Move.uasset" 399
"../../../Engine/Content/EditorMaterials/MatineeGroups/MAT_Groups_Slomo.uasset" 400
"../../../Engine/Content/EditorMaterials/MatineeGroups/MAT_ColorTrack.uasset" 401
"../../../Engine/Content/EditorMaterials/MAT_Groups_Toggle.uasset" 402
"../../../Engine/Content/EditorMaterials/MatineeGroups/MAT_Groups_AudioMaster.uasset" 403
"../../../Engine/Content/EditorMaterials/MatineeGroups/MAT_Groups_Sound.uasset" 404
"../../../Engine/Content/EditorMaterials/MatineeGroups/MAT_Groups_Vector.uasset" 405
"../../../Engine/Content/EditorMaterials/MAT_Groups_Visibility.uasset" 406
"../../../Engine/Content/EngineResources/DefaultTextureCube.uasset" 407
"../../../Engine/Content/EngineSounds/Master.uasset" 408
"../../../Engine/Content/EngineSounds/Music.uasset" 409
"../../../Engine/Content/EngineSounds/SFX.uasset" 410
"../../../Engine/Content/EngineSounds/Normal_Attack.uasset" 411
"../../../Engine/Content/EngineSounds/Special_Attack_PSM.uasset" 412
"../../../Engine/Content/EngineSounds/Duck_Normal_Attack_MixMod.uasset" 413
"../../../Engine/Content/EngineSounds/Voice.uasset" 414
"../../../Engine/Content/EngineMeshes/Cylinder.uasset" 415
"../../../Engine/Content/EngineMaterials/DefaultMaterial.uasset" 416
"../../../Engine/Content/EngineTireTypes/DefaultTireType.uasset" 417
"../../../Engine/Content/Editor/Slate/Fonts/FontAwesome.ttf" 418
"../../../Engine/Content/Editor/Slate/Fonts/DroidSansMono.ttf" 419
"../../../Engine/Content/Editor/Slate/Fonts/Roboto-BoldCondensed.ttf" 420
"../../../Engine/Content/Editor/Slate/Fonts/Roboto-Black.ttf" 421
"../../../Engine/Content/Editor/Slate/Fonts/Roboto-Italic.ttf" 422
"../../../Engine/Content/Editor/Slate/Fonts/Roboto-BoldCondensedItalic.ttf" 423
"../../../Engine/Plugins/2D/Paper2D/Content/MaskedUnlitSpriteMaterial.uasset" 424
"../../../Engine/Plugins/2D/Paper2D/Content/DefaultSpriteMaterial.uasset" 425
"../../../Engine/Plugins/2D/Paper2D/Content/DummySpriteTexture.uasset" 426
"../../../Engine/DerivedDataCache/1/0/7/TEXTURE_75F87CE100B546AAB8A1C4132AF9DB17_AUTODXT_584A79B6465982423406428F0D776__4A799F1E7F06682ABFAD9CA96C8B4DE8F8F90231.udd" 427
"../../../Engine/Plugins/2D/Paper2D/Content/OpaqueUnlitSpriteMaterial.uasset" 428
"../../../Engine/Plugins/2D/Paper2D/Content/DefaultPaperTerrainMaterial.uasset" 429
"../../../Engine/Plugins/2D/Paper2D/Content/DummySprite.uasset" 430
"../../../Engine/Saved/Config/Windows/SourceControlSettings.ini" 431
"../../../HealersQuest/Intermediate/Config/CoalescedSourceConfigs/SourceControlSettings.ini" 432
"../../../HealersQuest/Saved/Config/Windows/SourceControlSettings.ini" 433
"../../../Engine/Content/EngineMaterials/RemoveSurfaceMaterial.uasset" 434
"../../../Engine/Content/EngineDebugMaterials/DebugMeshMaterial.uasset" 435
"../../../Engine/Content/EngineMaterials/M_InvalidLightmapSettings.uasset" 436
"../../../Engine/Content/EngineMaterials/InvalidLightmapSettings.uasset" 437
"../../../Engine/DerivedDataCache/5/7/5/TEXTURE_75F87CE100B546AAB8A1C4132AF9DB17_AUTODXT_5075C5404C9665C57F66B49F2C5D8__E87B6DC73B95C0A848E80F532D33432CA6488950.udd" 438
"../../../Engine/DerivedDataCache/9/6/3/TEXTURE_75F87CE100B546AAB8A1C4132AF9DB17_AUTODXT_5075C5404C9665C57F66B49F2C5D8__894D8F105AE63C3DD620A21F44492EEF2A9AF530.udd" 439
"../../../Engine/DerivedDataCache/3/6/5/TEXTURE_75F87CE100B546AAB8A1C4132AF9DB17_AUTODXT_5075C5404C9665C57F66B49F2C5D8__691620C0A01FD54DDA13AC36203F1CF006DE3633.udd" 440
"../../../Engine/Content/EditorMaterials/GizmoMaterial.uasset" 441
"../../../Engine/Content/EngineMaterials/Good64x64TilingNoiseHighFreq.uasset" 442
"../../../Engine/Content/EngineMaterials/DefaultBokeh.uasset" 443
"../../../Engine/Content/EngineMaterials/PreintegratedSkinBRDF.uasset" 444
"../../../Engine/Content/EngineMaterials/MiniFont.uasset" 445
"../../../Engine/Content/EngineMaterials/WeightMapPlaceholderTexture.uasset" 446
"../../../Engine/Content/EngineMaterials/DefaultWhiteGrid.uasset" 447
"../../../Engine/DerivedDataCache/3/0/8/TEXTURE_75F87CE100B546AAB8A1C4132AF9DB17_AUTODXT_95D01D314436990422EF30A4E4FA2__F651F25FB3E217FE66E24901F1E6DA8D8653B694.udd" 448
"../../../Engine/Content/EngineMaterials/DefaultPhysicalMaterial.uasset" 449
"../../../Engine/Content/EngineFonts/RobotoTiny.uasset" 450
"../../../HealersQuest/Intermediate/CachedAssetRegistry.bin" 451
"../../../HealersQuest/Content/Widgets/GameScreen.uasset" 452
"../../../HealersQuest/Content/Widgets/MainMenu.uasset" 453
"../../../Engine/Content/MobileResources/HUD/VirtualJoystick_Thumb.uasset" 454
"../../../Engine/Content/MobileResources/HUD/VirtualJoystick_Background.uasset" 455
"../../../Engine/Content/MobileResources/HUD/T_Castle_ThumbstickOutter.uasset" 456
"../../../Engine/Content/MobileResources/HUD/T_Castle_ThumbstickInner.uasset" 457
"../../../Engine/Content/MobileResources/HUD/MobileHUDDirectionStick.uasset" 458
"../../../Engine/Content/MobileResources/HUD/MobileHUDDirectionPad3.uasset" 459
"../../../Engine/Content/MobileResources/HUD/MobileHUDDirectionPad2.uasset" 460
"../../../Engine/Content/MobileResources/HUD/MobileHUDDirectionPad.uasset" 461
"../../../Engine/Content/MobileResources/HUD/MobileHUDButtonFire.uasset" 462
"../../../Engine/Content/MobileResources/HUD/MobileHUDButton3.uasset" 463
"../../../Engine/Content/MobileResources/HUD/MobileHUDButton2_on.uasset" 464
"../../../Engine/Content/MobileResources/HUD/MobileHUDButton2_off.uasset" 465
"../../../Engine/Content/MobileResources/HUD/MobileHUDButton1_on.uasset" 466
"../../../Engine/Content/MobileResources/HUD/MobileHUDButton1_off.uasset" 467
"../../../Engine/Content/MobileResources/HUD/LeftVirtualJoystickOnly.uasset" 468
"../../../Engine/Content/MobileResources/HUD/DefaultVirtualJoysticks.uasset" 469
"../../../Engine/Content/MobileResources/HUD/AnalogHat.uasset" 470
"../../../Engine/Content/MobileResources/T_MobileMenu2.uasset" 471
"../../../Engine/Content/MobileResources/T_MobileControls_texture.uasset" 472
"../../../Engine/Content/Maps/Entry.umap" 473
"../../../Engine/Content/EngineMaterials/DefaultNormal.uasset" 474
"../../../Engine/DerivedDataCache/3/2/7/PHYSX_$7B1F0627AE$2DABEB$2D4206$2D8D78$2DE16BEB5DDC7E$7D_PHYSXPC_0AAFF40B4FAB7203B4020BAE163CCAEB__1_0_13075_0.udd" 475
"../../../Engine/DerivedDataCache/8/4/6/PHYSX_$7B1F0627AE$2DABEB$2D4206$2D8D78$2DE16BEB5DDC7E$7D_PHYSXPC_4A50E68449DA60D60F453A96AE02A9EF__1_0_13075_0.udd" 476
"../../../Engine/DerivedDataCache/8/1/6/PHYSX_$7B1F0627AE$2DABEB$2D4206$2D8D78$2DE16BEB5DDC7E$7D_PHYSXPC_F6B1D2D0417118DA60DDC7A62F5BCB81__1_0_13075_0.udd" 477
"../../../Engine/DerivedDataCache/8/0/9/PHYSX_$7B1F0627AE$2DABEB$2D4206$2D8D78$2DE16BEB5DDC7E$7D_PHYSXPC_8FA5EBB1423C9BE31CF6A9B803421839__1_0_13075_0.udd" 478
"../../../HealersQuest/Content/AHealersQuestMap.umap" 479
"../../../HealersQuest/Content/Blueprints/MyGameMode.uasset" 480
"../../../HealersQuest/Content/Blueprints/MyPlayerController.uasset" 481
"../../../HealersQuest/Content/Blueprints/ClassDetails.uasset" 482
"../../../HealersQuest/Content/Widgets/Spells/SpellDetails.uasset" 483
"../../../HealersQuest/Content/Widgets/Spells/SpellNames.uasset" 484
"../../../Engine/Content/EditorBlueprintResources/StandardMacros.uasset" 485
"../../../HealersQuest/Content/Blueprints/MyGameScreenInterface.uasset" 486
"../../../HealersQuest/Content/Widgets/HealthBar.uasset" 487
"../../../HealersQuest/Content/MyMacros.uasset" 488
"../../../HealersQuest/Content/Widgets/HudIcon.uasset" 489
"../../../HealersQuest/Content/Sprites/Spells/Druid_Direct.uasset" 490
"../../../HealersQuest/Content/Widgets/Spellbar/SpellBar.uasset" 491
"../../../HealersQuest/Content/Widgets/Spellbar/SpellSlot.uasset" 492
"../../../HealersQuest/Content/Sprites/Classes/Druid.uasset" 493
"../../../HealersQuest/Content/Sprites/Classes/sage.uasset" 494
"../../../HealersQuest/Content/Sprites/Spells/Druid_aoe.uasset" 495
"../../../HealersQuest/Content/Sprites/Spells/Sage_Aoe.uasset" 496
"../../../HealersQuest/Content/Sprites/Spells/Sage_Direct.uasset" 497
"../../../Engine/DerivedDataCache/5/4/1/TEXTURE_75F87CE100B546AAB8A1C4132AF9DB17_AUTODXT_AC018BE84EAA917605E7B2AF0A3F2__CB5F955E2D6F41DB3F080374D4F5F8C427423978.udd" 498
"../../../Engine/DerivedDataCache/2/9/0/TEXTURE_75F87CE100B546AAB8A1C4132AF9DB17_AUTODXT_5E0D638C4806729DE5EA23950926D__4A58E72B2483492477F857ED157860C1FCB6BD74.udd" 499
"../../../Engine/DerivedDataCache/3/2/3/TEXTURE_75F87CE100B546AAB8A1C4132AF9DB17_AUTODXT_CA1C465049FD0CE5DDF8BB9AE4510__3EE90716A97BA2D79B09437B9B18E7AE611B8FE7.udd" 500
"../../../Engine/DerivedDataCache/2/7/1/TEXTURE_75F87CE100B546AAB8A1C4132AF9DB17_AUTODXT_5E8EEA764F18804EBA5A629515145__BE371C10EC94F0E11518558BBC5E4E924DB2C4FE.udd" 501
"../../../Engine/DerivedDataCache/1/2/1/TEXTURE_75F87CE100B546AAB8A1C4132AF9DB17_AUTODXT_73CCBBE3457EEE2AC8C9E994FE9A3__89FE78465287B2B441EA1EF4110F55FC817A1D20.udd" 502
"../../../Engine/DerivedDataCache/6/3/5/TEXTURE_75F87CE100B546AAB8A1C4132AF9DB17_AUTODXT_42FDAC2D41653C35C76D4F86CC972__80129BFFD40D4D76CBA22A39284204B20B6F24C4.udd" 503
"../../../HealersQuest/Content/Sprites/sage_Sprite.uasset" 504
"../../../HealersQuest/Content/Sprites/sage.uasset" 505
"../../../HealersQuest/Content/Sprites/Druid_Sprite.uasset" 506
"../../../HealersQuest/Content/Sprites/Druid.uasset" 507
"../../../HealersQuest/Content/Blueprints/HealerGameMode.uasset" 508
